0 info it worked if it ends with ok
1 verbose cli [ 'C:\\Program Files\\nodejs\\node.exe',
1 verbose cli   'C:\\Users\\Benjamin Wu\\AppData\\Roaming\\npm\\node_modules\\npm\\bin\\npm-cli.js',
1 verbose cli   'run',
1 verbose cli   'deploy' ]
2 info using npm@6.14.4
3 info using node@v10.16.0
4 verbose run-script [ 'predeploy', 'deploy', 'postdeploy' ]
5 info lifecycle bjxw-website@0.1.0~predeploy: bjxw-website@0.1.0
6 verbose lifecycle bjxw-website@0.1.0~predeploy: unsafe-perm in lifecycle true
7 verbose lifecycle bjxw-website@0.1.0~predeploy: PATH: C:\Users\Benjamin Wu\AppData\Roaming\npm\node_modules\npm\node_modules\npm-lifecycle\node-gyp-bin;C:\Users\Benjamin Wu\Desktop\Projects\bjxw-website\node_modules\.bin;C:\Program Files (x86)\Common Files\Oracle\Java\javapath;C:\Program Files (x86)\Common Files\Intel\Shared Libraries\redist\intel64\compiler;C:\Program Files (x86)\Razer Chroma SDK\bin;C:\Program Files\Razer Chroma SDK\bin;C:\Program Files\VanDyke Software\Clients\;C:\ProgramData\Oracle\Java\javapath;C:\Windows\system32;C:\Windows;C:\Windows\System32\Wbem;C:\Windows\System32\WindowsPowerShell\v1.0\;C:\WINDOWS\system32;C:\WINDOWS;C:\WINDOWS\System32\Wbem;C:\WINDOWS\System32\WindowsPowerShell\v1.0\;C:\Program Files (x86)\GtkSharp\2.12\bin;C:\WINDOWS\System32\OpenSSH\;C:\WINDOWS\system32\config\systemprofile\AppData\Local\Microsoft\WindowsApps;C:\Program Files\NVIDIA Corporation\NVIDIA NvDLISR;C:\Program Files (x86)\NVIDIA Corporation\PhysX\Common;C:\Program Files (x86)\Windows Kits\8.1\Windows Performance Toolkit\;C:\Program Files\Git\cmd;C:\Program Files\nodejs\;C:\MinGW\bin;C:\Program Files\LLVM\bin;;C:\WINDOWS\system32;C:\WINDOWS;C:\WINDOWS\System32\Wbem;C:\WINDOWS\System32\WindowsPowerShell\v1.0\;C:\WINDOWS\System32\OpenSSH\;C:\Users\Benjamin Wu\AppData\Local\Microsoft\WindowsApps;C:\Users\Benjamin Wu\AppData\Local\Programs\Microsoft VS Code\bin;C:\Users\Benjamin Wu\AppData\Roaming\npm;
8 verbose lifecycle bjxw-website@0.1.0~predeploy: CWD: C:\Users\Benjamin Wu\Desktop\Projects\bjxw-website
9 silly lifecycle bjxw-website@0.1.0~predeploy: Args: [ '/d /s /c', 'npm run build' ]
10 silly lifecycle bjxw-website@0.1.0~predeploy: Returned: code: 0  signal: null
11 info lifecycle bjxw-website@0.1.0~deploy: bjxw-website@0.1.0
12 verbose lifecycle bjxw-website@0.1.0~deploy: unsafe-perm in lifecycle true
13 verbose lifecycle bjxw-website@0.1.0~deploy: PATH: C:\Users\Benjamin Wu\AppData\Roaming\npm\node_modules\npm\node_modules\npm-lifecycle\node-gyp-bin;C:\Users\Benjamin Wu\Desktop\Projects\bjxw-website\node_modules\.bin;C:\Program Files (x86)\Common Files\Oracle\Java\javapath;C:\Program Files (x86)\Common Files\Intel\Shared Libraries\redist\intel64\compiler;C:\Program Files (x86)\Razer Chroma SDK\bin;C:\Program Files\Razer Chroma SDK\bin;C:\Program Files\VanDyke Software\Clients\;C:\ProgramData\Oracle\Java\javapath;C:\Windows\system32;C:\Windows;C:\Windows\System32\Wbem;C:\Windows\System32\WindowsPowerShell\v1.0\;C:\WINDOWS\system32;C:\WINDOWS;C:\WINDOWS\System32\Wbem;C:\WINDOWS\System32\WindowsPowerShell\v1.0\;C:\Program Files (x86)\GtkSharp\2.12\bin;C:\WINDOWS\System32\OpenSSH\;C:\WINDOWS\system32\config\systemprofile\AppData\Local\Microsoft\WindowsApps;C:\Program Files\NVIDIA Corporation\NVIDIA NvDLISR;C:\Program Files (x86)\NVIDIA Corporation\PhysX\Common;C:\Program Files (x86)\Windows Kits\8.1\Windows Performance Toolkit\;C:\Program Files\Git\cmd;C:\Program Files\nodejs\;C:\MinGW\bin;C:\Program Files\LLVM\bin;;C:\WINDOWS\system32;C:\WINDOWS;C:\WINDOWS\System32\Wbem;C:\WINDOWS\System32\WindowsPowerShell\v1.0\;C:\WINDOWS\System32\OpenSSH\;C:\Users\Benjamin Wu\AppData\Local\Microsoft\WindowsApps;C:\Users\Benjamin Wu\AppData\Local\Programs\Microsoft VS Code\bin;C:\Users\Benjamin Wu\AppData\Roaming\npm;
14 verbose lifecycle bjxw-website@0.1.0~deploy: CWD: C:\Users\Benjamin Wu\Desktop\Projects\bjxw-website
15 silly lifecycle bjxw-website@0.1.0~deploy: Args: [ '/d /s /c', 'gh-pages -d build' ]
16 silly lifecycle bjxw-website@0.1.0~deploy: Returned: code: 1  signal: null
17 info lifecycle bjxw-website@0.1.0~deploy: Failed to exec deploy script
18 verbose stack Error: bjxw-website@0.1.0 deploy: `gh-pages -d build`
18 verbose stack Exit status 1
18 verbose stack     at EventEmitter.<anonymous> (C:\Users\Benjamin Wu\AppData\Roaming\npm\node_modules\npm\node_modules\npm-lifecycle\index.js:332:16)
18 verbose stack     at EventEmitter.emit (events.js:198:13)
18 verbose stack     at ChildProcess.<anonymous> (C:\Users\Benjamin Wu\AppData\Roaming\npm\node_modules\npm\node_modules\npm-lifecycle\lib\spawn.js:55:14)
18 verbose stack     at ChildProcess.emit (events.js:198:13)
18 verbose stack     at maybeClose (internal/child_process.js:982:16)
18 verbose stack     at Process.ChildProcess._handle.onexit (internal/child_process.js:259:5)
19 verbose pkgid bjxw-website@0.1.0
20 verbose cwd C:\Users\Benjamin Wu\Desktop\Projects\bjxw-website
21 verbose Windows_NT 10.0.18363
22 verbose argv "C:\\Program Files\\nodejs\\node.exe" "C:\\Users\\Benjamin Wu\\AppData\\Roaming\\npm\\node_modules\\npm\\bin\\npm-cli.js" "run" "deploy"
23 verbose node v10.16.0
24 verbose npm  v6.14.4
25 error code ELIFECYCLE
26 error errno 1
27 error bjxw-website@0.1.0 deploy: `gh-pages -d build`
27 error Exit status 1
28 error Failed at the bjxw-website@0.1.0 deploy script.
28 error This is probably not a problem with npm. There is likely additional logging output above.
29 verbose exit [ 1, true ]
