0 info it worked if it ends with ok
1 verbose cli [ 'C:\\Program Files\\nodejs\\node.exe',
1 verbose cli   'C:\\Users\\Benjamin Wu\\AppData\\Roaming\\npm\\node_modules\\npm\\bin\\npm-cli.js',
1 verbose cli   'start' ]
2 info using npm@6.14.4
3 info using node@v10.16.0
4 verbose run-script [ 'prestart', 'start', 'poststart' ]
5 info lifecycle bjxw-website@0.1.0~prestart: bjxw-website@0.1.0
6 info lifecycle bjxw-website@0.1.0~start: bjxw-website@0.1.0
7 verbose lifecycle bjxw-website@0.1.0~start: unsafe-perm in lifecycle true
8 verbose lifecycle bjxw-website@0.1.0~start: PATH: C:\Users\Benjamin Wu\AppData\Roaming\npm\node_modules\npm\node_modules\npm-lifecycle\node-gyp-bin;C:\Users\Benjamin Wu\Desktop\Projects\bjxw-website\node_modules\.bin;C:\Program Files (x86)\Common Files\Oracle\Java\javapath;C:\Program Files (x86)\Common Files\Intel\Shared Libraries\redist\intel64\compiler;C:\Program Files (x86)\Razer Chroma SDK\bin;C:\Program Files\Razer Chroma SDK\bin;C:\Program Files\VanDyke Software\Clients\;C:\ProgramData\Oracle\Java\javapath;C:\Windows\system32;C:\Windows;C:\Windows\System32\Wbem;C:\Windows\System32\WindowsPowerShell\v1.0\;C:\WINDOWS\system32;C:\WINDOWS;C:\WINDOWS\System32\Wbem;C:\WINDOWS\System32\WindowsPowerShell\v1.0\;C:\Program Files (x86)\GtkSharp\2.12\bin;C:\WINDOWS\System32\OpenSSH\;C:\WINDOWS\system32\config\systemprofile\AppData\Local\Microsoft\WindowsApps;C:\Program Files\NVIDIA Corporation\NVIDIA NvDLISR;C:\Program Files (x86)\NVIDIA Corporation\PhysX\Common;C:\Program Files (x86)\Windows Kits\8.1\Windows Performance Toolkit\;C:\Program Files\Git\cmd;C:\Program Files\nodejs\;C:\MinGW\bin;C:\Program Files\LLVM\bin;;C:\WINDOWS\system32;C:\WINDOWS;C:\WINDOWS\System32\Wbem;C:\WINDOWS\System32\WindowsPowerShell\v1.0\;C:\WINDOWS\System32\OpenSSH\;C:\Users\Benjamin Wu\AppData\Local\Microsoft\WindowsApps;C:\Users\Benjamin Wu\AppData\Local\Programs\Microsoft VS Code\bin;C:\Users\Benjamin Wu\AppData\Roaming\npm;
9 verbose lifecycle bjxw-website@0.1.0~start: CWD: C:\Users\Benjamin Wu\Desktop\Projects\bjxw-website
10 silly lifecycle bjxw-website@0.1.0~start: Args: [ '/d /s /c', 'react-scripts start' ]
11 silly lifecycle bjxw-website@0.1.0~start: Returned: code: 3221225786  signal: null
12 info lifecycle bjxw-website@0.1.0~start: Failed to exec start script
13 verbose stack Error: bjxw-website@0.1.0 start: `react-scripts start`
13 verbose stack Exit status 3221225786
13 verbose stack     at EventEmitter.<anonymous> (C:\Users\Benjamin Wu\AppData\Roaming\npm\node_modules\npm\node_modules\npm-lifecycle\index.js:332:16)
13 verbose stack     at EventEmitter.emit (events.js:198:13)
13 verbose stack     at ChildProcess.<anonymous> (C:\Users\Benjamin Wu\AppData\Roaming\npm\node_modules\npm\node_modules\npm-lifecycle\lib\spawn.js:55:14)
13 verbose stack     at ChildProcess.emit (events.js:198:13)
13 verbose stack     at maybeClose (internal/child_process.js:982:16)
13 verbose stack     at Process.ChildProcess._handle.onexit (internal/child_process.js:259:5)
14 verbose pkgid bjxw-website@0.1.0
15 verbose cwd C:\Users\Benjamin Wu\Desktop\Projects\bjxw-website
16 verbose Windows_NT 10.0.18363
17 verbose argv "C:\\Program Files\\nodejs\\node.exe" "C:\\Users\\Benjamin Wu\\AppData\\Roaming\\npm\\node_modules\\npm\\bin\\npm-cli.js" "start"
18 verbose node v10.16.0
19 verbose npm  v6.14.4
20 error code ELIFECYCLE
21 error errno 3221225786
22 error bjxw-website@0.1.0 start: `react-scripts start`
22 error Exit status 3221225786
23 error Failed at the bjxw-website@0.1.0 start script.
23 error This is probably not a problem with npm. There is likely additional logging output above.
24 verbose exit [ 3221225786, true ]
